<?xml version="1.0" encoding="UTF-8"?>
<!-- Generated by org.testng.reporters.JUnitXMLReporter -->
<testsuite ignored="0" hostname="DESKTOP-VTOKQ5D" failures="4" tests="4" name="Test" time="317.469" errors="0" timestamp="2025-05-15T23:01:33 WEST">
  <testcase classname="testCases.Registration" name="registerAccount" time="44.177">
    <failure type="java.lang.AssertionError" message="The following asserts failed:
	expected [true] but found [false]">
      <![CDATA[java.lang.AssertionError: The following asserts failed:
expected [true] but found [false]
at testCases.Registration.registerAccount(Registration.java:55)
at java.base/java.util.ArrayList.forEach(ArrayList.java:1511)
... Removed 29 stack frames]]>
    </failure>
  </testcase> <!-- registerAccount -->
  <testcase classname="testCases.Registration" name="loginValidInput" time="46.087">
    <failure type="java.lang.AssertionError" message="The following asserts failed:
	expected [true] but found [false],
	expected [true] but found [false]">
      <![CDATA[java.lang.AssertionError: The following asserts failed:
expected [true] but found [false],
expected [true] but found [false]
at testCases.Registration.loginValidInput(Registration.java:76)
at java.base/java.util.ArrayList.forEach(ArrayList.java:1511)
... Removed 29 stack frames]]>
    </failure>
  </testcase> <!-- loginValidInput -->
  <testcase classname="testCases.Registration" name="loginInvalidInput" time="11.963">
    <failure type="java.lang.AssertionError" message="The following asserts failed:
	expected [true] but found [false],
	expected [true] but found [false]">
      <![CDATA[java.lang.AssertionError: The following asserts failed:
expected [true] but found [false],
expected [true] but found [false]
at testCases.Registration.loginInvalidInput(Registration.java:95)
at java.base/java.util.ArrayList.forEach(ArrayList.java:1511)
... Removed 29 stack frames]]>
    </failure>
  </testcase> <!-- loginInvalidInput -->
  <testcase classname="testCases.Registration" name="addToCard" time="26.805">
    <failure type="java.lang.AssertionError" message="The following asserts failed:
	expected [true] but found [false],
	expected [true] but found [false],
	Success message mismatch expected [You added Circe Hooded Ice Fleece to your ] but found [You added Circe Hooded Ice Fleece to your shopping cart.]">
      <![CDATA[java.lang.AssertionError: The following asserts failed:
expected [true] but found [false],
expected [true] but found [false],
Success message mismatch expected [You added Circe Hooded Ice Fleece to your ] but found [You added Circe Hooded Ice Fleece to your shopping cart.]
at testCases.Registration.addToCard(Registration.java:129)
at java.base/java.util.ArrayList.forEach(ArrayList.java:1511)
... Removed 29 stack frames]]>
    </failure>
  </testcase> <!-- addToCard -->
</testsuite> <!-- Test -->
